2025-07-30 22:17:32,040 - logger - DEBUG - [32mЭто сообщение уровня DEBUG (отладка)[0m
2025-07-30 22:17:32,040 - logger - INFO - [34mЭто сообщение уровня INFO (информация)[0m
2025-07-30 22:17:32,040 - logger - WARNING - [33mЭто сообщение уровня WARNING (предупреждение)[0m
2025-07-30 22:17:32,041 - logger - ERROR - [31mЭто сообщение уровня ERROR (ошибка)[0m
2025-07-30 22:17:32,041 - logger - CRITICAL - [35mЭто сообщение уровня CRITICAL (критическое)[0m
2025-07-30 22:17:32,590 - logger - INFO - [32mПланировщик запущен! Проверка будет каждые 00:20 минут[0m
2025-07-30 22:17:33,433 - logger - INFO - [34mБаза данных создана(загружена)![0m
2025-07-30 22:17:46,906 - logger - DEBUG - [TIMER] Роль пользователя 6947618650: user
2025-07-30 22:17:46,907 - logger - INFO - [32mTicket №5265 [user] [(@boobikboo)]: лллв[0m
2025-07-30 22:17:47,516 - logger - DEBUG - [32mНайден чат с 434791099[0m
2025-07-30 22:17:54,053 - logger - DEBUG - [TIMER] Роль пользователя 6947618650: user
2025-07-30 22:17:54,053 - logger - INFO - [32mTicket №5265 [user] [(@boobikboo)]: ллллл[0m
2025-07-30 22:17:54,335 - logger - DEBUG - [32mНайден чат с 434791099[0m
2025-07-30 22:18:02,676 - logger - DEBUG - [TIMER] Роль пользователя 434791099: support
2025-07-30 22:18:02,676 - logger - DEBUG - [TIMER] Сообщение от роли 'support', таймер не отменяется
2025-07-30 22:18:02,676 - logger - INFO - [32mTicket №5265 [support] [(@jarkadash)]: ываыва[0m
2025-07-30 22:18:02,949 - logger - DEBUG - [32mНайден чат с 6947618650[0m
2025-07-30 22:18:13,204 - logger - DEBUG - [TIMER] Роль пользователя 434791099: support
2025-07-30 22:18:13,204 - logger - DEBUG - [TIMER] Сообщение от роли 'support', таймер не отменяется
2025-07-30 22:18:13,204 - logger - INFO - [32mTicket №5265 [support] [(@jarkadash)]: ыаыва[0m
2025-07-30 22:18:13,494 - logger - DEBUG - [32mНайден чат с 6947618650[0m
2025-07-30 22:18:18,475 - logger - DEBUG - [TIMER] Роль пользователя 434791099: support
2025-07-30 22:18:18,475 - logger - DEBUG - [TIMER] Сообщение от роли 'support', таймер не отменяется
2025-07-30 22:18:18,475 - logger - INFO - [32mTicket №5265 [support] [(@jarkadash)]: ыаыв[0m
2025-07-30 22:18:18,713 - logger - DEBUG - [32mНайден чат с 6947618650[0m
2025-07-30 22:18:22,891 - logger - INFO - [34mПолучена команда завершить чат от 434791099[0m
2025-07-30 22:18:22,892 - logger - DEBUG - [32mНайден чат с 6947618650[0m
2025-07-30 22:18:22,952 - logger - INFO - [34mТикет №5265 успешно закрыт.[0m
2025-07-30 22:18:23,448 - logger - INFO - [34mПолучена информация о Тикете №5265.[0m
2025-07-30 22:18:27,161 - logger - INFO - [34mПользователь оценивает Тикет на 9 [0m
